{"E:\\Github_projects\\auricare-V2\\src\\lib\\supabase\\appointments.ts": {"path":"E:\\Github_projects\\auricare-V2\\src\\lib\\supabase\\appointments.ts","statementMap":{"0":{"start":{"line":69,"column":27},"end":{"line":69,"column":60}},"1":{"start":{"line":70,"column":24},"end":{"line":81,"column":null}},"2":{"start":{"line":82,"column":2},"end":{"line":82,"column":null}},"3":{"start":{"line":82,"column":13},"end":{"line":82,"column":null}},"4":{"start":{"line":83,"column":2},"end":{"line":83,"column":null}},"5":{"start":{"line":88,"column":24},"end":{"line":94,"column":null}},"6":{"start":{"line":95,"column":2},"end":{"line":95,"column":null}},"7":{"start":{"line":95,"column":13},"end":{"line":95,"column":null}},"8":{"start":{"line":96,"column":2},"end":{"line":96,"column":null}},"9":{"start":{"line":100,"column":24},"end":{"line":104,"column":null}},"10":{"start":{"line":105,"column":2},"end":{"line":105,"column":null}},"11":{"start":{"line":105,"column":13},"end":{"line":105,"column":null}},"12":{"start":{"line":106,"column":2},"end":{"line":106,"column":null}},"13":{"start":{"line":113,"column":18},"end":{"line":116,"column":null}},"14":{"start":{"line":117,"column":2},"end":{"line":117,"column":null}},"15":{"start":{"line":117,"column":13},"end":{"line":117,"column":null}},"16":{"start":{"line":124,"column":2},"end":{"line":138,"column":null}},"17":{"start":{"line":135,"column":8},"end":{"line":135,"column":null}},"18":{"start":{"line":143,"column":14},"end":{"line":143,"column":33}},"19":{"start":{"line":144,"column":12},"end":{"line":144,"column":32}},"20":{"start":{"line":145,"column":13},"end":{"line":145,"column":null}},"21":{"start":{"line":146,"column":13},"end":{"line":146,"column":null}},"22":{"start":{"line":147,"column":2},"end":{"line":158,"column":null}},"23":{"start":{"line":148,"column":14},"end":{"line":148,"column":null}},"24":{"start":{"line":150,"column":14},"end":{"line":150,"column":null}},"25":{"start":{"line":151,"column":14},"end":{"line":151,"column":null}},"26":{"start":{"line":152,"column":15},"end":{"line":152,"column":null}},"27":{"start":{"line":153,"column":15},"end":{"line":153,"column":null}},"28":{"start":{"line":154,"column":15},"end":{"line":154,"column":null}},"29":{"start":{"line":155,"column":15},"end":{"line":155,"column":null}},"30":{"start":{"line":156,"column":4},"end":{"line":156,"column":null}},"31":{"start":{"line":157,"column":4},"end":{"line":157,"column":null}},"32":{"start":{"line":159,"column":2},"end":{"line":173,"column":null}}},"fnMap":{"0":{"name":"createAppointment","decl":{"start":{"line":62,"column":22},"end":{"line":62,"column":40}},"loc":{"start":{"line":67,"column":1},"end":{"line":84,"column":null}},"line":67},"1":{"name":"listDoctorAppointments","decl":{"start":{"line":86,"column":22},"end":{"line":86,"column":45}},"loc":{"start":{"line":86,"column":62},"end":{"line":97,"column":null}},"line":86},"2":{"name":"listPatientAppointments","decl":{"start":{"line":99,"column":22},"end":{"line":99,"column":46}},"loc":{"start":{"line":99,"column":64},"end":{"line":107,"column":null}},"line":99},"3":{"name":"updateAppointmentStatus","decl":{"start":{"line":109,"column":22},"end":{"line":109,"column":null}},"loc":{"start":{"line":111,"column":31},"end":{"line":118,"column":null}},"line":111},"4":{"name":"subscribeToDoctorAppointments","decl":{"start":{"line":120,"column":16},"end":{"line":120,"column":null}},"loc":{"start":{"line":122,"column":38},"end":{"line":139,"column":null}},"line":122},"5":{"name":"(anonymous_5)","decl":{"start":{"line":134,"column":6},"end":{"line":134,"column":7}},"loc":{"start":{"line":134,"column":7},"end":{"line":136,"column":null}},"line":134},"6":{"name":"normalizeAppointment","decl":{"start":{"line":141,"column":9},"end":{"line":141,"column":30}},"loc":{"start":{"line":141,"column":38},"end":{"line":174,"column":null}},"line":141}},"branchMap":{"0":{"loc":{"start":{"line":82,"column":2},"end":{"line":82,"column":null}},"type":"if","locations":[{"start":{"line":82,"column":2},"end":{"line":82,"column":null}},{"start":{},"end":{}}],"line":82},"1":{"loc":{"start":{"line":95,"column":2},"end":{"line":95,"column":null}},"type":"if","locations":[{"start":{"line":95,"column":2},"end":{"line":95,"column":null}},{"start":{},"end":{}}],"line":95},"2":{"loc":{"start":{"line":96,"column":10},"end":{"line":96,"column":19}},"type":"binary-expr","locations":[{"start":{"line":96,"column":10},"end":{"line":96,"column":18}},{"start":{"line":96,"column":18},"end":{"line":96,"column":19}}],"line":96},"3":{"loc":{"start":{"line":105,"column":2},"end":{"line":105,"column":null}},"type":"if","locations":[{"start":{"line":105,"column":2},"end":{"line":105,"column":null}},{"start":{},"end":{}}],"line":105},"4":{"loc":{"start":{"line":106,"column":10},"end":{"line":106,"column":19}},"type":"binary-expr","locations":[{"start":{"line":106,"column":10},"end":{"line":106,"column":18}},{"start":{"line":106,"column":18},"end":{"line":106,"column":19}}],"line":106},"5":{"loc":{"start":{"line":117,"column":2},"end":{"line":117,"column":null}},"type":"if","locations":[{"start":{"line":117,"column":2},"end":{"line":117,"column":null}},{"start":{},"end":{}}],"line":117},"6":{"loc":{"start":{"line":145,"column":13},"end":{"line":145,"column":null}},"type":"binary-expr","locations":[{"start":{"line":145,"column":13},"end":{"line":145,"column":20}},{"start":{"line":145,"column":20},"end":{"line":145,"column":null}}],"line":145},"7":{"loc":{"start":{"line":146,"column":13},"end":{"line":146,"column":null}},"type":"binary-expr","locations":[{"start":{"line":146,"column":13},"end":{"line":146,"column":18}},{"start":{"line":146,"column":18},"end":{"line":146,"column":null}}],"line":146},"8":{"loc":{"start":{"line":147,"column":2},"end":{"line":158,"column":null}},"type":"if","locations":[{"start":{"line":147,"column":2},"end":{"line":158,"column":null}},{"start":{},"end":{}}],"line":147},"9":{"loc":{"start":{"line":147,"column":6},"end":{"line":147,"column":46}},"type":"binary-expr","locations":[{"start":{"line":147,"column":7},"end":{"line":147,"column":16}},{"start":{"line":147,"column":16},"end":{"line":147,"column":20}},{"start":{"line":147,"column":26},"end":{"line":147,"column":46}}],"line":147},"10":{"loc":{"start":{"line":163,"column":13},"end":{"line":163,"column":null}},"type":"binary-expr","locations":[{"start":{"line":163,"column":13},"end":{"line":163,"column":23}},{"start":{"line":163,"column":27},"end":{"line":163,"column":null}}],"line":163},"11":{"loc":{"start":{"line":168,"column":18},"end":{"line":168,"column":null}},"type":"binary-expr","locations":[{"start":{"line":168,"column":18},"end":{"line":168,"column":42}},{"start":{"line":168,"column":46},"end":{"line":168,"column":62}},{"start":{"line":168,"column":66},"end":{"line":168,"column":null}}],"line":168},"12":{"loc":{"start":{"line":169,"column":14},"end":{"line":169,"column":null}},"type":"binary-expr","locations":[{"start":{"line":169,"column":14},"end":{"line":169,"column":34}},{"start":{"line":169,"column":38},"end":{"line":169,"column":58}},{"start":{"line":169,"column":62},"end":{"line":169,"column":null}}],"line":169},"13":{"loc":{"start":{"line":170,"column":12},"end":{"line":170,"column":null}},"type":"binary-expr","locations":[{"start":{"line":170,"column":12},"end":{"line":170,"column":22}},{"start":{"line":170,"column":26},"end":{"line":170,"column":35}},{"start":{"line":170,"column":39},"end":{"line":170,"column":null}}],"line":170},"14":{"loc":{"start":{"line":171,"column":17},"end":{"line":171,"column":null}},"type":"binary-expr","locations":[{"start":{"line":171,"column":17},"end":{"line":171,"column":32}},{"start":{"line":171,"column":36},"end":{"line":171,"column":null}}],"line":171},"15":{"loc":{"start":{"line":172,"column":20},"end":{"line":172,"column":null}},"type":"binary-expr","locations":[{"start":{"line":172,"column":20},"end":{"line":172,"column":38}},{"start":{"line":172,"column":42},"end":{"line":172,"column":null}}],"line":172}},"s":{"0":1,"1":1,"2":1,"3":0,"4":1,"5":2,"6":2,"7":0,"8":2,"9":3,"10":3,"11":0,"12":3,"13":5,"14":5,"15":0,"16":0,"17":0,"18":7,"19":7,"20":7,"21":7,"22":7,"23":7,"24":7,"25":7,"26":7,"27":7,"28":7,"29":7,"30":7,"31":7,"32":7},"f":{"0":1,"1":2,"2":3,"3":5,"4":0,"5":0,"6":7},"b":{"0":[0,1],"1":[0,2],"2":[2,0],"3":[0,3],"4":[3,0],"5":[0,5],"6":[7,7],"7":[7,7],"8":[7,0],"9":[7,0,7],"10":[7,0],"11":[7,7,7],"12":[7,7,7],"13":[7,7,7],"14":[7,7],"15":[7,7]},"meta":{"lastBranch":16,"lastFunction":7,"lastStatement":33,"seen":{"f:62:22:62:40":0,"s:69:27:69:60":0,"s:70:24:81:Infinity":1,"b:82:2:82:Infinity:undefined:undefined:undefined:undefined":0,"s:82:2:82:Infinity":2,"s:82:13:82:Infinity":3,"s:83:2:83:Infinity":4,"f:86:22:86:45":1,"s:88:24:94:Infinity":5,"b:95:2:95:Infinity:undefined:undefined:undefined:undefined":1,"s:95:2:95:Infinity":6,"s:95:13:95:Infinity":7,"s:96:2:96:Infinity":8,"b:96:10:96:18:96:18:96:19":2,"f:99:22:99:46":2,"s:100:24:104:Infinity":9,"b:105:2:105:Infinity:undefined:undefined:undefined:undefined":3,"s:105:2:105:Infinity":10,"s:105:13:105:Infinity":11,"s:106:2:106:Infinity":12,"b:106:10:106:18:106:18:106:19":4,"f:109:22:109:Infinity":3,"s:113:18:116:Infinity":13,"b:117:2:117:Infinity:undefined:undefined:undefined:undefined":5,"s:117:2:117:Infinity":14,"s:117:13:117:Infinity":15,"f:120:16:120:Infinity":4,"s:124:2:138:Infinity":16,"f:134:6:134:7":5,"s:135:8:135:Infinity":17,"f:141:9:141:30":6,"s:143:14:143:33":18,"s:144:12:144:32":19,"s:145:13:145:Infinity":20,"b:145:13:145:20:145:20:145:Infinity":6,"s:146:13:146:Infinity":21,"b:146:13:146:18:146:18:146:Infinity":7,"b:147:2:158:Infinity:undefined:undefined:undefined:undefined":8,"s:147:2:158:Infinity":22,"b:147:7:147:16:147:16:147:20:147:26:147:46":9,"s:148:14:148:Infinity":23,"s:150:14:150:Infinity":24,"s:151:14:151:Infinity":25,"s:152:15:152:Infinity":26,"s:153:15:153:Infinity":27,"s:154:15:154:Infinity":28,"s:155:15:155:Infinity":29,"s:156:4:156:Infinity":30,"s:157:4:157:Infinity":31,"s:159:2:173:Infinity":32,"b:163:13:163:23:163:27:163:Infinity":10,"b:168:18:168:42:168:46:168:62:168:66:168:Infinity":11,"b:169:14:169:34:169:38:169:58:169:62:169:Infinity":12,"b:170:12:170:22:170:26:170:35:170:39:170:Infinity":13,"b:171:17:171:32:171:36:171:Infinity":14,"b:172:20:172:38:172:42:172:Infinity":15}}}
}
